🚀 Starting anvil with mainnet fork using INFURA_KEY ...


                             _   _
                            (_) | |
      __ _   _ __   __   __  _  | |
     / _` | | '_ \  \ \ / / | | | |
    | (_| | | | | |  \ V /  | | | |
     \__,_| |_| |_|   \_/   |_| |_|

    1.2.3-nightly (05918765cb 2025-07-15T06:03:58.328308000Z)
    https://github.com/foundry-rs/foundry

Available Accounts
==================

(0) 0xf39Fd6e51aad88F6F4ce6aB8827279cffFb92266 (10000.000000000000000000 ETH)
(1) 0x70997970C51812dc3A010C7d01b50e0d17dc79C8 (10000.000000000000000000 ETH)
(2) 0x3C44CdDdB6a900fa2b585dd299e03d12FA4293BC (10000.000000000000000000 ETH)
(3) 0x90F79bf6EB2c4f870365E785982E1f101E93b906 (10000.000000000000000000 ETH)
(4) 0x15d34AAf54267DB7D7c367839AAf71A00a2C6A65 (10000.000000000000000000 ETH)
(5) 0x9965507D1a55bcC2695C58ba16FB37d819B0A4dc (10000.000000000000000000 ETH)
(6) 0x976EA74026E726554dB657fA54763abd0C3a0aa9 (10000.000000000000000000 ETH)
(7) 0x14dC79964da2C08b23698B3D3cc7Ca32193d9955 (10000.000000000000000000 ETH)
(8) 0x23618e81E3f5cdF7f54C3d65f7FBc0aBf5B21E8f (10000.000000000000000000 ETH)
(9) 0xa0Ee7A142d267C1f36714E4a8F75612F20a79720 (10000.000000000000000000 ETH)

Private Keys
==================

(0) 0xac0974bec39a17e36ba4a6b4d238ff944bacb478cbed5efcae784d7bf4f2ff80
(1) 0x59c6995e998f97a5a0044966f0945389dc9e86dae88c7a8412f4603b6b78690d
(2) 0x5de4111afa1a4b94908f83103eb1f1706367c2e68ca870fc3fb9a804cdab365a
(3) 0x7c852118294e51e653712a81e05800f419141751be58f605c371e15141b007a6
(4) 0x47e179ec197488593b187f80a00eb0da91f1b9d0b13f8733639f19c30a34926a
(5) 0x8b3a350cf5c34c9194ca85829a2df0ec3153be0318b5e2d3348e872092edffba
(6) 0x92db14e403b83dfe3df233f83dfa3a0d7096f21ca9b0d6d6b8d88b2b4ec1564e
(7) 0x4bbbf85ce3377467afe5d46f804f221813b2bb87f24d81f60f1fcdbf7cbf4356
(8) 0xdbda1821b80551c9d65939329250298aa3472ba22feea921c0cf5d620ea67b97
(9) 0x2a871d0798f97d79848a013d4936a73bf4cc922c825d33c1cf7073dff6d409c6

Wallet
==================
Mnemonic:          test test test test test test test test test test test junk
Derivation path:   m/44'/60'/0'/0/


Fork
==================
Endpoint:       https://eth.blockrazor.xyz
Block number:   23103018
Block hash:     0xa1461a1f6915fb55433e083835286e8721102cc9c7874039de054c3f317f69a0
Chain ID:       1

Base Fee
==================

849515114

Gas Limit
==================

45000000

Genesis Timestamp
==================

1754736699

Genesis Number
==================

0

Listening on 127.0.0.1:8545
eth_chainId
eth_getTransactionCount
eth_estimateGas
eth_feeHistory
eth_sendRawTransaction
eth_blockNumber

    Transaction: 0x43749ca2c448a3f5e0bfbc3e87ffa1db683941f3e83a9dc457e2ab28b221decd
    Contract created: 0x78155E681c54Da4c25B6228753EcbfF5d8C2Def8
    Gas used: 1795725

    Block Number: 23103019
    Block Hash: 0x023fcdbdebd51686d9d3064cb24bdbd063c3858f646e499fec0c0dc4c4381e1c
    Block Time: "Sat, 9 Aug 2025 10:51:53 +0000"

eth_getBlockByNumber
eth_getTransactionReceipt
eth_getTransactionReceipt
eth_chainId
eth_getTransactionCount
eth_estimateGas
eth_feeHistory
eth_sendRawTransaction
eth_blockNumber

    Transaction: 0x03486933de9766d7c7014a1c638f101fcf2a777049196e72276ee124cc3af4fd
    Contract created: 0x3c5eC7698538a74C15Ca01C6cbb5FD6cbbae43AC
    Gas used: 1886013

    Block Number: 23103020
    Block Hash: 0xedba2cbd35aed09703e0971b3b45ca5e60d0a47652b98806d89e31dd0a78a7a4
    Block Time: "Sat, 9 Aug 2025 10:51:54 +0000"

eth_getTransactionReceipt
eth_getBlockByNumber
eth_getTransactionReceipt
eth_chainId
eth_getTransactionCount
eth_feeHistory
eth_estimateGas
eth_sendRawTransaction
eth_blockNumber

    Transaction: 0xda2773d67c1ea01c05284b058593dd9bbb47c81f96d8940b45fca8aa7939140a
    Gas used: 273382

    Block Number: 23103021
    Block Hash: 0x8aa84d04ca4b52a08e4002594eb5fdbb84e82b97a474430852f3ca1261b19db7
    Block Time: "Sat, 9 Aug 2025 10:51:54 +0000"

eth_getTransactionReceipt
eth_getBlockByNumber
eth_chainId
eth_getTransactionCount
eth_call
eth_chainId
eth_getTransactionCount
eth_feeHistory
eth_estimateGas
eth_sendRawTransaction

    Transaction: 0xed086fe45efb72f4ec7195bb69c8235ce8152dd5aa3b239b04d8761dfa014520
    Gas used: 49641

    Block Number: 23103022
    Block Hash: 0x8ef259ed3c8ad740c8e167c744deebcb1c4ff3796c72a8d3d2020e3417eb75ae
    Block Time: "Sat, 9 Aug 2025 10:51:55 +0000"

eth_blockNumber
eth_getBlockByNumber
eth_getTransactionReceipt
eth_chainId
eth_getTransactionCount
eth_call
eth_chainId
eth_getTransactionCount
eth_call
eth_chainId
eth_getTransactionCount
eth_call
eth_chainId
eth_getTransactionCount
eth_call
eth_chainId
eth_getTransactionCount
eth_call
eth_chainId
eth_getTransactionCount
eth_call
eth_chainId
eth_getTransactionCount
eth_call
eth_chainId
eth_getTransactionCount
eth_call
eth_getBalance
eth_getBalance
eth_getBalance
eth_getBalance
eth_chainId
eth_getTransactionCount
eth_call
eth_chainId
eth_getTransactionCount
eth_call
eth_chainId
eth_getTransactionCount
eth_call
eth_chainId
eth_getTransactionCount
eth_call
eth_chainId
eth_getTransactionCount
eth_feeHistory
eth_estimateGas
eth_sendRawTransaction

    Transaction: 0x73804fc2e9ce69689dbe0ebae59f6a5f6ab550113aa783c35ae84f9b2d87d219
    Gas used: 49641

    Block Number: 23103023
    Block Hash: 0xb57d7c4802fe5909baeb9b527420a52aa5d3bdc90e2d0f384e1ef8cde594a1bf
    Block Time: "Sat, 9 Aug 2025 10:51:55 +0000"

eth_blockNumber
eth_getTransactionReceipt
eth_getBlockByNumber
eth_chainId
eth_getTransactionCount
eth_feeHistory
eth_estimateGas
eth_sendRawTransaction
eth_blockNumber
eth_getTransactionReceipt
eth_getBlockByNumber

    Transaction: 0x49edde33bdb81574c4703a117acd07c637aa2332aa72b7eb81a73039d0a88de9
    Gas used: 2839558

    Block Number: 23103024
    Block Hash: 0x1f0e12d59d358571f56c3d1f3eef9154478955b85d57d944ff455f3c79606038
    Block Time: "Sat, 9 Aug 2025 10:51:58 +0000"

eth_getTransactionReceipt
eth_getTransactionReceipt
eth_chainId
eth_getTransactionCount
eth_call
eth_chainId
eth_getTransactionCount
eth_call
eth_getBalance
eth_getBalance
eth_getBalance
eth_chainId
eth_getTransactionCount
eth_call
eth_chainId
eth_getTransactionCount
eth_call
eth_chainId
eth_getTransactionCount
eth_call
eth_chainId
eth_getTransactionCount
eth_call
eth_chainId
eth_getTransactionCount
eth_call
eth_chainId
eth_getTransactionCount
eth_call
eth_blockNumber
eth_chainId
eth_getTransactionCount
eth_call
eth_chainId
eth_getTransactionCount
eth_feeHistory
eth_estimateGas
eth_sendRawTransaction

    Transaction: 0x71cab3e63abba73d565aea8c5faefd953ecad0ec900dd94eba8ad457a86fe394
    Gas used: 156539

    Block Number: 23103025
    Block Hash: 0x0c832f8860e539cd860c4bf199dbf9e3297b049b872aca92679c81dbae7d6608
    Block Time: "Sat, 9 Aug 2025 10:52:00 +0000"

eth_blockNumber
eth_getBlockByNumber
eth_getTransactionReceipt
eth_chainId
eth_getTransactionCount
eth_call
eth_chainId
eth_getTransactionCount
eth_feeHistory
eth_estimateGas
eth_sendRawTransaction

    Transaction: 0x52731d27125aff71237b8d6c83d5efb7304306a784638ab3336ae889c4f36bbb
    Gas used: 26315

    Block Number: 23103026
    Block Hash: 0x7c5debeff2c3a2a7d7a0360b5788563972c2e2e65e6d5f9bcbc0defcc9bbb97f
    Block Time: "Sat, 9 Aug 2025 10:52:02 +0000"

eth_blockNumber
eth_getBlockByNumber
eth_getTransactionReceipt
eth_chainId
eth_getTransactionCount
eth_call
eth_chainId
eth_getTransactionCount
eth_call
eth_chainId
eth_getTransactionCount
eth_call
eth_blockNumber
eth_chainId
eth_getTransactionCount
eth_call
eth_chainId
eth_getTransactionCount
eth_call
eth_chainId
eth_getTransactionCount
eth_feeHistory
eth_estimateGas
eth_sendRawTransaction
eth_blockNumber

    Transaction: 0xe377bb7eecc84d5a0513fa7b299053b12fb8d881c9817f11cfce9a3ece0013c0
    Gas used: 26631

    Block Number: 23103027
    Block Hash: 0x5486da781a4ad73fb4f60401636785bc1f810bef36aa1b0598769ab8fc4e262d
    Block Time: "Sat, 9 Aug 2025 10:52:06 +0000"

eth_getTransactionReceipt
eth_getBlockByNumber
eth_chainId
eth_getTransactionCount
eth_call
eth_chainId
eth_getTransactionCount
eth_call
eth_chainId
eth_getTransactionCount
eth_call
eth_chainId
eth_getTransactionCount
eth_feeHistory
eth_estimateGas
eth_blockNumber
eth_sendRawTransaction

    Transaction: 0x51d0b1c947ba27ee806b8aaf46dd9835efa309592cee6cd70083b7afee64b752
    Gas used: 139439

    Block Number: 23103028
    Block Hash: 0x05ac19b0696d9f1b5b931da88db32ea1d26a00ba6ba1de76ae54068c79188b79
    Block Time: "Sat, 9 Aug 2025 10:52:07 +0000"

eth_getBlockByNumber
eth_getTransactionReceipt
eth_chainId
eth_getTransactionCount
eth_call
eth_chainId
eth_getTransactionCount
eth_feeHistory
eth_estimateGas
eth_sendRawTransaction

    Transaction: 0xe642e3c99d2a96041708f5fa9eb41956601d4dd41135fee0c59fc71a072ceb55
    Gas used: 26315

    Block Number: 23103029
    Block Hash: 0x9a9d128a79aa0e56414cfaadc8d9d58cfd4aa3dabffb287271c6802165416246
    Block Time: "Sat, 9 Aug 2025 10:52:09 +0000"

eth_blockNumber
eth_getBlockByNumber
eth_getTransactionReceipt
eth_chainId
eth_getTransactionCount
eth_feeHistory
eth_estimateGas
eth_sendRawTransaction

    Transaction: 0x54a968f6cbba1cd44ad8e125d12664a20ed8dbb5bf2e9e1a8c52a0ed8f7dbdc1
    Gas used: 122339

    Block Number: 23103030
    Block Hash: 0x6caeaf36b96a86c7ae599a3bfe04a0cb613a4034d45e14032d686fa743774221
    Block Time: "Sat, 9 Aug 2025 10:52:09 +0000"

eth_blockNumber
eth_getBlockByNumber
eth_getTransactionReceipt
eth_chainId
eth_getTransactionCount
eth_call
eth_chainId
eth_getTransactionCount
eth_call
eth_chainId
eth_getTransactionCount
eth_call
eth_chainId
eth_getTransactionCount
eth_call
