🚀 开始执行步骤7-9的测试...
ADMIN_ADDRESS=0xf39Fd6e51aad88F6F4ce6aB8827279cffFb92266
USER1_ADDRESS=0x70997970C51812dc3A010C7d01b50e0d17dc79C8
📋 使用的合约地址:
ERC20_ADDRESS=0x5FbDB2315678afecb367f032d93F642f64180aa3
TOKENBANK_ADDRESS=0x9fE46736679d2D9a65F0992F2272dE9f3c7fa6e0
DELEGATOR_ADDRESS=0xCf7Ed3AccA5a467e9e704C703E8D87F634fB0Fc9
✅ 检查USER1当前的ERC20余额:
USER1当前ERC20余额: 90000000000000000000
✅ 检查USER1当前的TokenBank余额:
USER1当前TokenBank余额: 10000000000000000000
approveCallData: 0x095ea7b30000000000000000000000009fe46736679d2d9a65f0992f2272de9f3c7fa6e00000000000000000000000000000000000000000000000008ac7230489e80000
depositCallData: 0xb6b55f250000000000000000000000000000000000000000000000008ac7230489e80000
hash: 0xe99320ff46721b66744609894917c5cb1687e33fd1d22279ef9de8454b325e7d
USER1在ERC20上的余额:
USER1 ERC20余额: 80000000000000000000
USER1在TokenBank里的余额:
USER1 TokenBank余额: 20000000000000000000
TokenBank在ERC20里的余额:
TokenBank ERC20余额: 20000000000000000000
USER1给TokenBank的allowance:
USER1给TokenBank的allowance: 0
🎯 验证结果:
   - USER1 ERC20余额变化: 90000000000000000000 -> 80000000000000000000
   - USER1 TokenBank余额变化: 10000000000000000000 -> 20000000000000000000
   - TokenBank ERC20余额: 20000000000000000000
   - USER1给TokenBank的allowance: 0
📊 余额变化分析:
   - ERC20余额减少: 10000000000000000000 (期望: 10000000000000000000)
   - TokenBank余额增加: 10000000000000000000 (期望: 10000000000000000000)
✅ multicall操作成功！
   - 通过一个交易完成了approve和deposit操作
   - 余额变化符合预期
🎉 步骤7-9测试完成！
